Flow report for CPU
Thu May 12 09:52:56 2016
Quartus II 64-Bit Version 15.0.0 Build 145 04/22/2015 SJ Web Edition


---------------------
; Table of Contents ;
---------------------
  1. Legal Notice
  2. Flow Summary
  3. Flow Settings
  4. Flow Non-Default Global Settings
  5. Flow Elapsed Time
  6. Flow OS Summary
  7. Flow Log
  8. Flow Messages
  9. Flow Suppressed Messages



----------------
; Legal Notice ;
----------------
Copyright (C) 1991-2015 Altera Corporation. All rights reserved.
Your use of Altera Corporation's design tools, logic functions 
and other software and tools, and its AMPP partner logic 
functions, and any output files from any of the foregoing 
(including device programming or simulation files), and any 
associated documentation or information are expressly subject 
to the terms and conditions of the Altera Program License 
Subscription Agreement, the Altera Quartus II License Agreement,
the Altera MegaCore Function License Agreement, or other 
applicable license agreement, including, without limitation, 
that your use is for the sole purpose of programming logic 
devices manufactured by Altera and sold by Altera or its 
authorized distributors.  Please refer to the applicable 
agreement for further details.



+---------------------------------------------------------------------------------+
; Flow Summary                                                                    ;
+------------------------------------+--------------------------------------------+
; Flow Status                        ; Successful - Thu May 12 09:52:56 2016      ;
; Quartus II 64-Bit Version          ; 15.0.0 Build 145 04/22/2015 SJ Web Edition ;
; Revision Name                      ; CPU                                        ;
; Top-level Entity Name              ; top                                        ;
; Family                             ; Cyclone IV E                               ;
; Device                             ; EP4CE6E22C8                                ;
; Timing Models                      ; Final                                      ;
; Total logic elements               ; 2,492 / 6,272 ( 40 % )                     ;
;     Total combinational functions  ; 2,345 / 6,272 ( 37 % )                     ;
;     Dedicated logic registers      ; 493 / 6,272 ( 8 % )                        ;
; Total registers                    ; 493                                        ;
; Total pins                         ; 37 / 92 ( 40 % )                           ;
; Total virtual pins                 ; 0                                          ;
; Total memory bits                  ; 65,536 / 276,480 ( 24 % )                  ;
; Embedded Multiplier 9-bit elements ; 6 / 30 ( 20 % )                            ;
; Total PLLs                         ; 0 / 2 ( 0 % )                              ;
+------------------------------------+--------------------------------------------+


+-----------------------------------------+
; Flow Settings                           ;
+-------------------+---------------------+
; Option            ; Setting             ;
+-------------------+---------------------+
; Start date & time ; 05/11/2016 22:15:32 ;
; Main task         ; Compilation         ;
; Revision Name     ; CPU                 ;
+-------------------+---------------------+


+------------------------------------------------------------------------------------------------------------------------+
; Flow Non-Default Global Settings                                                                                       ;
+-------------------------------------+---------------------------------------+---------------+-------------+------------+
; Assignment Name                     ; Value                                 ; Default Value ; Entity Name ; Section Id ;
+-------------------------------------+---------------------------------------+---------------+-------------+------------+
; COMPILER_SIGNATURE_ID               ; 0.146299413210667                     ; --            ; --          ; --         ;
; MAX_CORE_JUNCTION_TEMP              ; 85                                    ; --            ; --          ; --         ;
; MIN_CORE_JUNCTION_TEMP              ; 0                                     ; --            ; --          ; --         ;
; MISC_FILE                           ; ram_bb.v                              ; --            ; --          ; --         ;
; OUTPUT_IO_TIMING_FAR_END_VMEAS      ; Half Signal Swing                     ; --            ; --          ; --         ;
; OUTPUT_IO_TIMING_FAR_END_VMEAS      ; Half Signal Swing                     ; --            ; --          ; --         ;
; OUTPUT_IO_TIMING_NEAR_END_VMEAS     ; Half Vccio                            ; --            ; --          ; --         ;
; OUTPUT_IO_TIMING_NEAR_END_VMEAS     ; Half Vccio                            ; --            ; --          ; --         ;
; PARTITION_COLOR                     ; 16764057                              ; --            ; top         ; Top        ;
; PARTITION_FITTER_PRESERVATION_LEVEL ; PLACEMENT_AND_ROUTING                 ; --            ; top         ; Top        ;
; PARTITION_NETLIST_TYPE              ; SOURCE                                ; --            ; top         ; Top        ;
; POWER_BOARD_THERMAL_MODEL           ; None (CONSERVATIVE)                   ; --            ; --          ; --         ;
; POWER_PRESET_COOLING_SOLUTION       ; 23 MM HEAT SINK WITH 200 LFPM AIRFLOW ; --            ; --          ; --         ;
; PROJECT_OUTPUT_DIRECTORY            ; output_files                          ; --            ; --          ; --         ;
; SMART_RECOMPILE                     ; On                                    ; Off           ; --          ; --         ;
; TOP_LEVEL_ENTITY                    ; top                                   ; CPU           ; --          ; --         ;
+-------------------------------------+---------------------------------------+---------------+-------------+------------+


+-------------------------------------------------------------------------------------------------------------------------------+
; Flow Elapsed Time                                                                                                             ;
+---------------------------+--------------+-------------------------+---------------------+------------------------------------+
; Module Name               ; Elapsed Time ; Average Processors Used ; Peak Virtual Memory ; Total CPU Time (on all processors) ;
+---------------------------+--------------+-------------------------+---------------------+------------------------------------+
; Analysis & Synthesis      ; 00:00:26     ; 1.0                     ; 1114 MB             ; 00:00:45                           ;
; Fitter                    ; 00:00:27     ; 1.0                     ; 1229 MB             ; 00:00:27                           ;
; Assembler                 ; 00:00:01     ; 1.0                     ; 943 MB              ; 00:00:01                           ;
; TimeQuest Timing Analyzer ; 00:00:05     ; 1.0                     ; 989 MB              ; 00:00:04                           ;
; MIF/HEX Update            ; 00:00:01     ; 1.0                     ; 1229 MB             ; 00:00:01                           ;
; Assembler                 ; 00:00:02     ; 1.0                     ; 946 MB              ; 00:00:02                           ;
; MIF/HEX Update            ; 00:00:01     ; 1.0                     ; 1229 MB             ; 00:00:01                           ;
; Assembler                 ; 00:00:01     ; 1.0                     ; 944 MB              ; 00:00:02                           ;
; MIF/HEX Update            ; 00:00:00     ; 1.0                     ; 1231 MB             ; 00:00:01                           ;
; Assembler                 ; 00:00:01     ; 1.0                     ; 944 MB              ; 00:00:01                           ;
; MIF/HEX Update            ; 00:00:00     ; 1.0                     ; 1231 MB             ; 00:00:01                           ;
; Assembler                 ; 00:00:01     ; 1.0                     ; 944 MB              ; 00:00:01                           ;
; MIF/HEX Update            ; 00:00:00     ; 1.0                     ; 1231 MB             ; 00:00:01                           ;
; Assembler                 ; 00:00:01     ; 1.0                     ; 946 MB              ; 00:00:01                           ;
; MIF/HEX Update            ; 00:00:01     ; 1.0                     ; 1231 MB             ; 00:00:01                           ;
; Assembler                 ; 00:00:02     ; 1.0                     ; 944 MB              ; 00:00:01                           ;
; MIF/HEX Update            ; 00:00:01     ; 1.0                     ; 1231 MB             ; 00:00:01                           ;
; Assembler                 ; 00:00:01     ; 1.0                     ; 944 MB              ; 00:00:01                           ;
; MIF/HEX Update            ; 00:00:01     ; 1.0                     ; 1231 MB             ; 00:00:01                           ;
; Assembler                 ; 00:00:01     ; 1.0                     ; 950 MB              ; 00:00:01                           ;
; MIF/HEX Update            ; 00:00:01     ; 1.0                     ; 1231 MB             ; 00:00:01                           ;
; Assembler                 ; 00:00:01     ; 1.0                     ; 946 MB              ; 00:00:01                           ;
; MIF/HEX Update            ; 00:00:01     ; 1.0                     ; 1229 MB             ; 00:00:01                           ;
; Assembler                 ; 00:00:01     ; 1.0                     ; 944 MB              ; 00:00:01                           ;
; MIF/HEX Update            ; 00:00:01     ; 1.0                     ; 1231 MB             ; 00:00:01                           ;
; Assembler                 ; 00:00:02     ; 1.0                     ; 944 MB              ; 00:00:01                           ;
; MIF/HEX Update            ; 00:00:01     ; 1.0                     ; 1231 MB             ; 00:00:01                           ;
; Assembler                 ; 00:00:01     ; 1.0                     ; 943 MB              ; 00:00:01                           ;
; MIF/HEX Update            ; 00:00:01     ; 1.0                     ; 1231 MB             ; 00:00:01                           ;
; Assembler                 ; 00:00:01     ; 1.0                     ; 950 MB              ; 00:00:01                           ;
; MIF/HEX Update            ; 00:00:01     ; 1.0                     ; 1231 MB             ; 00:00:01                           ;
; Assembler                 ; 00:00:01     ; 1.0                     ; 944 MB              ; 00:00:01                           ;
; MIF/HEX Update            ; 00:00:01     ; 1.0                     ; 1231 MB             ; 00:00:01                           ;
; Assembler                 ; 00:00:02     ; 1.0                     ; 945 MB              ; 00:00:01                           ;
; MIF/HEX Update            ; 00:00:01     ; 1.0                     ; 1231 MB             ; 00:00:01                           ;
; Assembler                 ; 00:00:01     ; 1.0                     ; 944 MB              ; 00:00:01                           ;
; MIF/HEX Update            ; 00:00:00     ; 1.0                     ; 1231 MB             ; 00:00:01                           ;
; Assembler                 ; 00:00:01     ; 1.0                     ; 944 MB              ; 00:00:01                           ;
; MIF/HEX Update            ; 00:00:00     ; 1.0                     ; 1231 MB             ; 00:00:01                           ;
; Assembler                 ; 00:00:01     ; 1.0                     ; 949 MB              ; 00:00:01                           ;
; MIF/HEX Update            ; 00:00:00     ; 1.0                     ; 1231 MB             ; 00:00:01                           ;
; Assembler                 ; 00:00:02     ; 1.0                     ; 944 MB              ; 00:00:01                           ;
; MIF/HEX Update            ; 00:00:01     ; 1.0                     ; 1231 MB             ; 00:00:01                           ;
; Assembler                 ; 00:00:01     ; 1.0                     ; 950 MB              ; 00:00:01                           ;
; MIF/HEX Update            ; 00:00:01     ; 1.0                     ; 1231 MB             ; 00:00:01                           ;
; Assembler                 ; 00:00:01     ; 1.0                     ; 945 MB              ; 00:00:01                           ;
; MIF/HEX Update            ; 00:00:01     ; 1.0                     ; 1229 MB             ; 00:00:01                           ;
; Assembler                 ; 00:00:02     ; 1.0                     ; 950 MB              ; 00:00:01                           ;
; MIF/HEX Update            ; 00:00:00     ; 1.0                     ; 1231 MB             ; 00:00:01                           ;
; Assembler                 ; 00:00:02     ; 1.0                     ; 945 MB              ; 00:00:01                           ;
; MIF/HEX Update            ; 00:00:01     ; 1.0                     ; 1231 MB             ; 00:00:01                           ;
; Assembler                 ; 00:00:01     ; 1.0                     ; 950 MB              ; 00:00:01                           ;
; MIF/HEX Update            ; 00:00:00     ; 1.0                     ; 1230 MB             ; 00:00:01                           ;
; Assembler                 ; 00:00:01     ; 1.0                     ; 950 MB              ; 00:00:01                           ;
; MIF/HEX Update            ; 00:00:01     ; 1.0                     ; 1227 MB             ; 00:00:01                           ;
; Assembler                 ; 00:00:01     ; 1.0                     ; 946 MB              ; 00:00:01                           ;
; MIF/HEX Update            ; 00:00:00     ; 1.0                     ; 1227 MB             ; 00:00:01                           ;
; Assembler                 ; 00:00:01     ; 1.0                     ; 940 MB              ; 00:00:01                           ;
; Total                     ; 00:01:51     ; --                      ; --                  ; 00:02:13                           ;
+---------------------------+--------------+-------------------------+---------------------+------------------------------------+


+----------------------------------------------------------------------------------------------------+
; Flow OS Summary                                                                                    ;
+---------------------------+---------------------------+-------------+-------------+----------------+
; Module Name               ; Machine Hostname          ; OS Name     ; OS Version  ; Processor type ;
+---------------------------+---------------------------+-------------+-------------+----------------+
; Analysis & Synthesis      ; net127.ipoe-users.mipt.ru ; Fedora Core ; Fedora Core ; x86_64         ;
; Fitter                    ; net127.ipoe-users.mipt.ru ; Fedora Core ; Fedora Core ; x86_64         ;
; Assembler                 ; net127.ipoe-users.mipt.ru ; Fedora Core ; Fedora Core ; x86_64         ;
; TimeQuest Timing Analyzer ; net127.ipoe-users.mipt.ru ; Fedora Core ; Fedora Core ; x86_64         ;
; MIF/HEX Update            ; net127.ipoe-users.mipt.ru ; Fedora Core ; Fedora Core ; x86_64         ;
; Assembler                 ; net127.ipoe-users.mipt.ru ; Fedora Core ; Fedora Core ; x86_64         ;
; MIF/HEX Update            ; net127.ipoe-users.mipt.ru ; Fedora Core ; Fedora Core ; x86_64         ;
; Assembler                 ; net127.ipoe-users.mipt.ru ; Fedora Core ; Fedora Core ; x86_64         ;
; MIF/HEX Update            ; net127.ipoe-users.mipt.ru ; Fedora Core ; Fedora Core ; x86_64         ;
; Assembler                 ; net127.ipoe-users.mipt.ru ; Fedora Core ; Fedora Core ; x86_64         ;
; MIF/HEX Update            ; net127.ipoe-users.mipt.ru ; Fedora Core ; Fedora Core ; x86_64         ;
; Assembler                 ; net127.ipoe-users.mipt.ru ; Fedora Core ; Fedora Core ; x86_64         ;
; MIF/HEX Update            ; net127.ipoe-users.mipt.ru ; Fedora Core ; Fedora Core ; x86_64         ;
; Assembler                 ; net127.ipoe-users.mipt.ru ; Fedora Core ; Fedora Core ; x86_64         ;
; MIF/HEX Update            ; net127.ipoe-users.mipt.ru ; Fedora Core ; Fedora Core ; x86_64         ;
; Assembler                 ; net127.ipoe-users.mipt.ru ; Fedora Core ; Fedora Core ; x86_64         ;
; MIF/HEX Update            ; net127.ipoe-users.mipt.ru ; Fedora Core ; Fedora Core ; x86_64         ;
; Assembler                 ; net127.ipoe-users.mipt.ru ; Fedora Core ; Fedora Core ; x86_64         ;
; MIF/HEX Update            ; net127.ipoe-users.mipt.ru ; Fedora Core ; Fedora Core ; x86_64         ;
; Assembler                 ; net127.ipoe-users.mipt.ru ; Fedora Core ; Fedora Core ; x86_64         ;
; MIF/HEX Update            ; net127.ipoe-users.mipt.ru ; Fedora Core ; Fedora Core ; x86_64         ;
; Assembler                 ; net127.ipoe-users.mipt.ru ; Fedora Core ; Fedora Core ; x86_64         ;
; MIF/HEX Update            ; net127.ipoe-users.mipt.ru ; Fedora Core ; Fedora Core ; x86_64         ;
; Assembler                 ; net127.ipoe-users.mipt.ru ; Fedora Core ; Fedora Core ; x86_64         ;
; MIF/HEX Update            ; net127.ipoe-users.mipt.ru ; Fedora Core ; Fedora Core ; x86_64         ;
; Assembler                 ; net127.ipoe-users.mipt.ru ; Fedora Core ; Fedora Core ; x86_64         ;
; MIF/HEX Update            ; net127.ipoe-users.mipt.ru ; Fedora Core ; Fedora Core ; x86_64         ;
; Assembler                 ; net127.ipoe-users.mipt.ru ; Fedora Core ; Fedora Core ; x86_64         ;
; MIF/HEX Update            ; net127.ipoe-users.mipt.ru ; Fedora Core ; Fedora Core ; x86_64         ;
; Assembler                 ; net127.ipoe-users.mipt.ru ; Fedora Core ; Fedora Core ; x86_64         ;
; MIF/HEX Update            ; net127.ipoe-users.mipt.ru ; Fedora Core ; Fedora Core ; x86_64         ;
; Assembler                 ; net127.ipoe-users.mipt.ru ; Fedora Core ; Fedora Core ; x86_64         ;
; MIF/HEX Update            ; net127.ipoe-users.mipt.ru ; Fedora Core ; Fedora Core ; x86_64         ;
; Assembler                 ; net127.ipoe-users.mipt.ru ; Fedora Core ; Fedora Core ; x86_64         ;
; MIF/HEX Update            ; net127.ipoe-users.mipt.ru ; Fedora Core ; Fedora Core ; x86_64         ;
; Assembler                 ; net127.ipoe-users.mipt.ru ; Fedora Core ; Fedora Core ; x86_64         ;
; MIF/HEX Update            ; net127.ipoe-users.mipt.ru ; Fedora Core ; Fedora Core ; x86_64         ;
; Assembler                 ; net127.ipoe-users.mipt.ru ; Fedora Core ; Fedora Core ; x86_64         ;
; MIF/HEX Update            ; net127.ipoe-users.mipt.ru ; Fedora Core ; Fedora Core ; x86_64         ;
; Assembler                 ; net127.ipoe-users.mipt.ru ; Fedora Core ; Fedora Core ; x86_64         ;
; MIF/HEX Update            ; net127.ipoe-users.mipt.ru ; Fedora Core ; Fedora Core ; x86_64         ;
; Assembler                 ; net127.ipoe-users.mipt.ru ; Fedora Core ; Fedora Core ; x86_64         ;
; MIF/HEX Update            ; net127.ipoe-users.mipt.ru ; Fedora Core ; Fedora Core ; x86_64         ;
; Assembler                 ; net127.ipoe-users.mipt.ru ; Fedora Core ; Fedora Core ; x86_64         ;
; MIF/HEX Update            ; net127.ipoe-users.mipt.ru ; Fedora Core ; Fedora Core ; x86_64         ;
; Assembler                 ; net127.ipoe-users.mipt.ru ; Fedora Core ; Fedora Core ; x86_64         ;
; MIF/HEX Update            ; net127.ipoe-users.mipt.ru ; Fedora Core ; Fedora Core ; x86_64         ;
; Assembler                 ; net127.ipoe-users.mipt.ru ; Fedora Core ; Fedora Core ; x86_64         ;
; MIF/HEX Update            ; net127.ipoe-users.mipt.ru ; Fedora Core ; Fedora Core ; x86_64         ;
; Assembler                 ; net127.ipoe-users.mipt.ru ; Fedora Core ; Fedora Core ; x86_64         ;
; MIF/HEX Update            ; net127.ipoe-users.mipt.ru ; Fedora Core ; Fedora Core ; x86_64         ;
; Assembler                 ; net127.ipoe-users.mipt.ru ; Fedora Core ; Fedora Core ; x86_64         ;
; MIF/HEX Update            ; net127.ipoe-users.mipt.ru ; Fedora Core ; Fedora Core ; x86_64         ;
; Assembler                 ; net127.ipoe-users.mipt.ru ; Fedora Core ; Fedora Core ; x86_64         ;
; MIF/HEX Update            ; localhost.localdomain     ; Fedora Core ; Fedora Core ; x86_64         ;
; Assembler                 ; localhost.localdomain     ; Fedora Core ; Fedora Core ; x86_64         ;
; MIF/HEX Update            ; localhost.localdomain     ; Fedora Core ; Fedora Core ; x86_64         ;
; Assembler                 ; localhost.localdomain     ; Fedora Core ; Fedora Core ; x86_64         ;
+---------------------------+---------------------------+-------------+-------------+----------------+


------------
; Flow Log ;
------------
quartus_map --read_settings_files=on --write_settings_files=off CPU-M -c CPU
quartus_fit --read_settings_files=off --write_settings_files=off CPU-M -c CPU
quartus_asm --read_settings_files=off --write_settings_files=off CPU-M -c CPU
quartus_sta CPU-M -c CPU
quartus_cdb CPU-M -c CPU --update_mif
quartus_asm --read_settings_files=on --write_settings_files=off CPU-M -c CPU
quartus_cdb CPU-M -c CPU --update_mif
quartus_asm --read_settings_files=on --write_settings_files=off CPU-M -c CPU
quartus_cdb CPU-M -c CPU --update_mif
quartus_asm --read_settings_files=on --write_settings_files=off CPU-M -c CPU
quartus_cdb CPU-M -c CPU --update_mif
quartus_asm --read_settings_files=on --write_settings_files=off CPU-M -c CPU
quartus_cdb CPU-M -c CPU --update_mif
quartus_asm --read_settings_files=on --write_settings_files=off CPU-M -c CPU
quartus_cdb CPU-M -c CPU --update_mif
quartus_asm --read_settings_files=on --write_settings_files=off CPU-M -c CPU
quartus_cdb CPU-M -c CPU --update_mif
quartus_asm --read_settings_files=on --write_settings_files=off CPU-M -c CPU
quartus_cdb CPU-M -c CPU --update_mif
quartus_asm --read_settings_files=on --write_settings_files=off CPU-M -c CPU
quartus_cdb CPU-M -c CPU --update_mif
quartus_asm --read_settings_files=on --write_settings_files=off CPU-M -c CPU
quartus_cdb CPU-M -c CPU --update_mif
quartus_asm --read_settings_files=on --write_settings_files=off CPU-M -c CPU
quartus_cdb CPU-M -c CPU --update_mif
quartus_asm --read_settings_files=on --write_settings_files=off CPU-M -c CPU
quartus_cdb CPU-M -c CPU --update_mif
quartus_asm --read_settings_files=on --write_settings_files=off CPU-M -c CPU
quartus_cdb CPU-M -c CPU --update_mif
quartus_asm --read_settings_files=on --write_settings_files=off CPU-M -c CPU
quartus_cdb CPU-M -c CPU --update_mif
quartus_asm --read_settings_files=on --write_settings_files=off CPU-M -c CPU
quartus_cdb CPU-M -c CPU --update_mif
quartus_asm --read_settings_files=on --write_settings_files=off CPU-M -c CPU
quartus_cdb CPU-M -c CPU --update_mif
quartus_asm --read_settings_files=on --write_settings_files=off CPU-M -c CPU
quartus_cdb CPU-M -c CPU --update_mif
quartus_asm --read_settings_files=on --write_settings_files=off CPU-M -c CPU
quartus_cdb CPU-M -c CPU --update_mif
quartus_asm --read_settings_files=on --write_settings_files=off CPU-M -c CPU
quartus_cdb CPU-M -c CPU --update_mif
quartus_asm --read_settings_files=on --write_settings_files=off CPU-M -c CPU
quartus_cdb CPU-M -c CPU --update_mif
quartus_asm --read_settings_files=on --write_settings_files=off CPU-M -c CPU
quartus_cdb CPU-M -c CPU --update_mif
quartus_asm --read_settings_files=on --write_settings_files=off CPU-M -c CPU
quartus_cdb CPU-M -c CPU --update_mif
quartus_asm --read_settings_files=on --write_settings_files=off CPU-M -c CPU
quartus_cdb CPU-M -c CPU --update_mif
quartus_asm --read_settings_files=on --write_settings_files=off CPU-M -c CPU
quartus_cdb CPU-M -c CPU --update_mif
quartus_asm --read_settings_files=on --write_settings_files=off CPU-M -c CPU
quartus_cdb CPU-M -c CPU --update_mif
quartus_asm --read_settings_files=on --write_settings_files=off CPU-M -c CPU
quartus_cdb CPU-M -c CPU --update_mif
quartus_asm --read_settings_files=on --write_settings_files=off CPU-M -c CPU
quartus_cdb CPU-M -c CPU --update_mif
quartus_asm --read_settings_files=on --write_settings_files=off CPU-M -c CPU



